2025-06-15 16:02:59,917 - ERROR - Error auditing follower john_doe - Error: 'coroutine' object has no attribute 'score'
2025-06-15 16:02:59,917 - ERROR - Error auditing follower john_doe - Error: 'coroutine' object has no attribute 'score'
2025-06-15 16:02:59,917 - ERROR - Error auditing follower john_doe - Error: 'coroutine' object has no attribute 'score'
2025-06-15 16:02:59,917 - ERROR - Error auditing follower john_doe - Error: 'coroutine' object has no attribute 'score'
2025-06-15 16:02:59,917 - ERROR - Error auditing follower john_doe - Error: 'coroutine' object has no attribute 'score'
2025-06-15 16:02:59,917 - ERROR - Error auditing follower john_doe - Error: 'coroutine' object has no attribute 'score'
2025-06-15 16:02:59,917 - ERROR - Error auditing follower john_doe - Error: 'coroutine' object has no attribute 'score'
2025-06-15 16:02:59,917 - ERROR - Error auditing follower john_doe - Error: 'coroutine' object has no attribute 'score'
2025-06-15 16:02:59,917 - ERROR - Error auditing follower john_doe - Error: 'coroutine' object has no attribute 'score'
2025-06-15 16:02:59,917 - ERROR - Error auditing follower john_doe - Error: 'coroutine' object has no attribute 'score'
2025-06-15 16:02:59,917 - ERROR - Error auditing follower john_doe - Error: 'coroutine' object has no attribute 'score'
2025-06-15 16:02:59,917 - ERROR - Error auditing follower john_doe - Error: 'coroutine' object has no attribute 'score'
2025-06-15 16:29:23,963 - ERROR - Error auditing follower jane_smith - Error: 'coroutine' object has no attribute 'get'
2025-06-15 16:29:23,963 - ERROR - Error auditing follower jane_smith - Error: 'coroutine' object has no attribute 'get'
2025-06-15 16:29:23,963 - ERROR - Error auditing follower jane_smith - Error: 'coroutine' object has no attribute 'get'
2025-06-15 16:29:23,963 - ERROR - Error auditing follower jane_smith - Error: 'coroutine' object has no attribute 'get'
2025-06-15 16:29:23,967 - ERROR - Error auditing follower bob_wilson - Error: 'coroutine' object has no attribute 'get'
2025-06-15 16:29:23,967 - ERROR - Error auditing follower bob_wilson - Error: 'coroutine' object has no attribute 'get'
2025-06-15 16:29:23,967 - ERROR - Error auditing follower bob_wilson - Error: 'coroutine' object has no attribute 'get'
2025-06-15 16:29:23,967 - ERROR - Error auditing follower bob_wilson - Error: 'coroutine' object has no attribute 'get'
2025-06-15 16:29:23,968 - ERROR - Error auditing follower private_user - Error: 'coroutine' object has no attribute 'get'
2025-06-15 16:29:23,968 - ERROR - Error auditing follower private_user - Error: 'coroutine' object has no attribute 'get'
2025-06-15 16:29:23,968 - ERROR - Error auditing follower private_user - Error: 'coroutine' object has no attribute 'get'
2025-06-15 16:29:23,968 - ERROR - Error auditing follower private_user - Error: 'coroutine' object has no attribute 'get'
2025-06-15 16:29:23,970 - ERROR - Error auditing follower mass_follow_user - Error: 'coroutine' object has no attribute 'get'
2025-06-15 16:29:23,970 - ERROR - Error auditing follower mass_follow_user - Error: 'coroutine' object has no attribute 'get'
2025-06-15 16:29:23,970 - ERROR - Error auditing follower mass_follow_user - Error: 'coroutine' object has no attribute 'get'
2025-06-15 16:29:23,970 - ERROR - Error auditing follower mass_follow_user - Error: 'coroutine' object has no attribute 'get'
2025-06-15 16:29:23,971 - ERROR - Error auditing follower community_member - Error: 'coroutine' object has no attribute 'get'
2025-06-15 16:29:23,971 - ERROR - Error auditing follower community_member - Error: 'coroutine' object has no attribute 'get'
2025-06-15 16:29:23,971 - ERROR - Error auditing follower community_member - Error: 'coroutine' object has no attribute 'get'
2025-06-15 16:29:23,971 - ERROR - Error auditing follower community_member - Error: 'coroutine' object has no attribute 'get'
2025-06-15 16:36:12,736 - ERROR - jane_smith - Error: AuditLogger.log_audit() got an unexpected keyword argument 'username'
2025-06-15 16:36:12,736 - ERROR - jane_smith - Error: AuditLogger.log_audit() got an unexpected keyword argument 'username'
2025-06-15 16:36:12,737 - ERROR - bob_wilson - Error: AuditLogger.log_audit() got an unexpected keyword argument 'username'
2025-06-15 16:36:12,737 - ERROR - bob_wilson - Error: AuditLogger.log_audit() got an unexpected keyword argument 'username'
2025-06-15 16:36:12,738 - ERROR - private_user - Error: AuditLogger.log_audit() got an unexpected keyword argument 'username'
2025-06-15 16:36:12,738 - ERROR - private_user - Error: AuditLogger.log_audit() got an unexpected keyword argument 'username'
2025-06-15 16:36:12,739 - ERROR - mass_follow_user - Error: AuditLogger.log_audit() got an unexpected keyword argument 'username'
2025-06-15 16:36:12,739 - ERROR - mass_follow_user - Error: AuditLogger.log_audit() got an unexpected keyword argument 'username'
2025-06-15 16:36:12,740 - ERROR - community_member - Error: type object 'EvaluationAction' has no attribute 'MONITOR'
2025-06-15 16:36:12,740 - ERROR - community_member - Error: type object 'EvaluationAction' has no attribute 'MONITOR'
2025-06-15 16:38:36,117 - INFO - Audit result for jane_smith: {"timestamp": "2025-06-15T16:38:36.117074", "username": "jane_smith", "engagement_score": 0.3, "risk_score": 0.45, "action": "remove", "reason": "Moderate engagement with occasional interaction"}
2025-06-15 16:38:36,117 - INFO - Audit result for jane_smith: {"timestamp": "2025-06-15T16:38:36.117074", "username": "jane_smith", "engagement_score": 0.3, "risk_score": 0.45, "action": "remove", "reason": "Moderate engagement with occasional interaction"}
2025-06-15 16:38:36,118 - INFO - Audit result for bob_wilson: {"timestamp": "2025-06-15T16:38:36.118074", "username": "bob_wilson", "engagement_score": 0.8, "risk_score": 0.05, "action": "keep", "reason": "Highly engaged follower with strong community presence"}
2025-06-15 16:38:36,118 - INFO - Audit result for bob_wilson: {"timestamp": "2025-06-15T16:38:36.118074", "username": "bob_wilson", "engagement_score": 0.8, "risk_score": 0.05, "action": "keep", "reason": "Highly engaged follower with strong community presence"}
2025-06-15 16:38:36,119 - INFO - Audit result for private_user: {"timestamp": "2025-06-15T16:38:36.119074", "username": "private_user", "engagement_score": 0.4825209526946117, "risk_score": 0.9870916809008627, "action": "remove", "reason": "Standard profile with normal activity"}
2025-06-15 16:38:36,119 - INFO - Audit result for private_user: {"timestamp": "2025-06-15T16:38:36.119074", "username": "private_user", "engagement_score": 0.4825209526946117, "risk_score": 0.9870916809008627, "action": "remove", "reason": "Standard profile with normal activity"}
2025-06-15 16:38:36,120 - INFO - Audit result for mass_follow_user: {"timestamp": "2025-06-15T16:38:36.120074", "username": "mass_follow_user", "engagement_score": 0.3853420412984421, "risk_score": 0.22205861196767573, "action": "monitor", "reason": "Standard profile with normal activity"}
2025-06-15 16:38:36,120 - INFO - Audit result for mass_follow_user: {"timestamp": "2025-06-15T16:38:36.120074", "username": "mass_follow_user", "engagement_score": 0.3853420412984421, "risk_score": 0.22205861196767573, "action": "monitor", "reason": "Standard profile with normal activity"}
2025-06-15 16:38:36,120 - INFO - Audit result for community_member: {"timestamp": "2025-06-15T16:38:36.120074", "username": "community_member", "engagement_score": 0.4429690136123137, "risk_score": 0.32741426536418294, "action": "monitor", "reason": "Standard profile with normal activity"}
2025-06-15 16:38:36,120 - INFO - Audit result for community_member: {"timestamp": "2025-06-15T16:38:36.120074", "username": "community_member", "engagement_score": 0.4429690136123137, "risk_score": 0.32741426536418294, "action": "monitor", "reason": "Standard profile with normal activity"}
2025-06-15 16:46:30,651 - INFO - Audit result for jane_smith: {"timestamp": "2025-06-15T16:46:30.651075", "username": "jane_smith", "engagement_score": 0.3, "risk_score": 0.45, "action": "remove", "reason": "Moderate engagement with occasional interaction"}
2025-06-15 16:46:30,651 - INFO - Audit result for jane_smith: {"timestamp": "2025-06-15T16:46:30.651075", "username": "jane_smith", "engagement_score": 0.3, "risk_score": 0.45, "action": "remove", "reason": "Moderate engagement with occasional interaction"}
2025-06-15 16:46:30,651 - INFO - Audit result for jane_smith: {"timestamp": "2025-06-15T16:46:30.651075", "username": "jane_smith", "engagement_score": 0.3, "risk_score": 0.45, "action": "remove", "reason": "Moderate engagement with occasional interaction"}
2025-06-15 16:46:30,651 - INFO - Audit result for jane_smith: {"timestamp": "2025-06-15T16:46:30.651075", "username": "jane_smith", "engagement_score": 0.3, "risk_score": 0.45, "action": "remove", "reason": "Moderate engagement with occasional interaction"}
2025-06-15 16:46:30,651 - INFO - Audit result for jane_smith: {"timestamp": "2025-06-15T16:46:30.651075", "username": "jane_smith", "engagement_score": 0.3, "risk_score": 0.45, "action": "remove", "reason": "Moderate engagement with occasional interaction"}
2025-06-15 16:46:30,651 - INFO - Audit result for jane_smith: {"timestamp": "2025-06-15T16:46:30.651075", "username": "jane_smith", "engagement_score": 0.3, "risk_score": 0.45, "action": "remove", "reason": "Moderate engagement with occasional interaction"}
2025-06-15 16:46:30,653 - INFO - Audit result for bob_wilson: {"timestamp": "2025-06-15T16:46:30.653738", "username": "bob_wilson", "engagement_score": 0.8, "risk_score": 0.05, "action": "keep", "reason": "Highly engaged follower with strong community presence"}
2025-06-15 16:46:30,653 - INFO - Audit result for bob_wilson: {"timestamp": "2025-06-15T16:46:30.653738", "username": "bob_wilson", "engagement_score": 0.8, "risk_score": 0.05, "action": "keep", "reason": "Highly engaged follower with strong community presence"}
2025-06-15 16:46:30,653 - INFO - Audit result for bob_wilson: {"timestamp": "2025-06-15T16:46:30.653738", "username": "bob_wilson", "engagement_score": 0.8, "risk_score": 0.05, "action": "keep", "reason": "Highly engaged follower with strong community presence"}
2025-06-15 16:46:30,653 - INFO - Audit result for bob_wilson: {"timestamp": "2025-06-15T16:46:30.653738", "username": "bob_wilson", "engagement_score": 0.8, "risk_score": 0.05, "action": "keep", "reason": "Highly engaged follower with strong community presence"}
2025-06-15 16:46:30,653 - INFO - Audit result for bob_wilson: {"timestamp": "2025-06-15T16:46:30.653738", "username": "bob_wilson", "engagement_score": 0.8, "risk_score": 0.05, "action": "keep", "reason": "Highly engaged follower with strong community presence"}
2025-06-15 16:46:30,653 - INFO - Audit result for bob_wilson: {"timestamp": "2025-06-15T16:46:30.653738", "username": "bob_wilson", "engagement_score": 0.8, "risk_score": 0.05, "action": "keep", "reason": "Highly engaged follower with strong community presence"}
2025-06-15 16:46:30,656 - INFO - Audit result for private_user: {"timestamp": "2025-06-15T16:46:30.656081", "username": "private_user", "engagement_score": 0.48647570289706143, "risk_score": 0.46429352561922554, "action": "monitor", "reason": "Standard profile with normal activity"}
2025-06-15 16:46:30,656 - INFO - Audit result for private_user: {"timestamp": "2025-06-15T16:46:30.656081", "username": "private_user", "engagement_score": 0.48647570289706143, "risk_score": 0.46429352561922554, "action": "monitor", "reason": "Standard profile with normal activity"}
2025-06-15 16:46:30,656 - INFO - Audit result for private_user: {"timestamp": "2025-06-15T16:46:30.656081", "username": "private_user", "engagement_score": 0.48647570289706143, "risk_score": 0.46429352561922554, "action": "monitor", "reason": "Standard profile with normal activity"}
2025-06-15 16:46:30,656 - INFO - Audit result for private_user: {"timestamp": "2025-06-15T16:46:30.656081", "username": "private_user", "engagement_score": 0.48647570289706143, "risk_score": 0.46429352561922554, "action": "monitor", "reason": "Standard profile with normal activity"}
2025-06-15 16:46:30,656 - INFO - Audit result for private_user: {"timestamp": "2025-06-15T16:46:30.656081", "username": "private_user", "engagement_score": 0.48647570289706143, "risk_score": 0.46429352561922554, "action": "monitor", "reason": "Standard profile with normal activity"}
2025-06-15 16:46:30,656 - INFO - Audit result for private_user: {"timestamp": "2025-06-15T16:46:30.656081", "username": "private_user", "engagement_score": 0.48647570289706143, "risk_score": 0.46429352561922554, "action": "monitor", "reason": "Standard profile with normal activity"}
2025-06-15 16:46:30,658 - INFO - Audit result for mass_follow_user: {"timestamp": "2025-06-15T16:46:30.658081", "username": "mass_follow_user", "engagement_score": 0.3940556340557799, "risk_score": 0.3939165257148096, "action": "monitor", "reason": "Standard profile with normal activity"}
2025-06-15 16:46:30,658 - INFO - Audit result for mass_follow_user: {"timestamp": "2025-06-15T16:46:30.658081", "username": "mass_follow_user", "engagement_score": 0.3940556340557799, "risk_score": 0.3939165257148096, "action": "monitor", "reason": "Standard profile with normal activity"}
2025-06-15 16:46:30,658 - INFO - Audit result for mass_follow_user: {"timestamp": "2025-06-15T16:46:30.658081", "username": "mass_follow_user", "engagement_score": 0.3940556340557799, "risk_score": 0.3939165257148096, "action": "monitor", "reason": "Standard profile with normal activity"}
2025-06-15 16:46:30,658 - INFO - Audit result for mass_follow_user: {"timestamp": "2025-06-15T16:46:30.658081", "username": "mass_follow_user", "engagement_score": 0.3940556340557799, "risk_score": 0.3939165257148096, "action": "monitor", "reason": "Standard profile with normal activity"}
2025-06-15 16:46:30,658 - INFO - Audit result for mass_follow_user: {"timestamp": "2025-06-15T16:46:30.658081", "username": "mass_follow_user", "engagement_score": 0.3940556340557799, "risk_score": 0.3939165257148096, "action": "monitor", "reason": "Standard profile with normal activity"}
2025-06-15 16:46:30,658 - INFO - Audit result for mass_follow_user: {"timestamp": "2025-06-15T16:46:30.658081", "username": "mass_follow_user", "engagement_score": 0.3940556340557799, "risk_score": 0.3939165257148096, "action": "monitor", "reason": "Standard profile with normal activity"}
2025-06-15 16:46:30,664 - INFO - Audit result for community_member: {"timestamp": "2025-06-15T16:46:30.664698", "username": "community_member", "engagement_score": 0.3601992308235132, "risk_score": 0.7159676292113194, "action": "remove", "reason": "Standard profile with normal activity"}
2025-06-15 16:46:30,664 - INFO - Audit result for community_member: {"timestamp": "2025-06-15T16:46:30.664698", "username": "community_member", "engagement_score": 0.3601992308235132, "risk_score": 0.7159676292113194, "action": "remove", "reason": "Standard profile with normal activity"}
2025-06-15 16:46:30,664 - INFO - Audit result for community_member: {"timestamp": "2025-06-15T16:46:30.664698", "username": "community_member", "engagement_score": 0.3601992308235132, "risk_score": 0.7159676292113194, "action": "remove", "reason": "Standard profile with normal activity"}
2025-06-15 16:46:30,664 - INFO - Audit result for community_member: {"timestamp": "2025-06-15T16:46:30.664698", "username": "community_member", "engagement_score": 0.3601992308235132, "risk_score": 0.7159676292113194, "action": "remove", "reason": "Standard profile with normal activity"}
2025-06-15 16:46:30,664 - INFO - Audit result for community_member: {"timestamp": "2025-06-15T16:46:30.664698", "username": "community_member", "engagement_score": 0.3601992308235132, "risk_score": 0.7159676292113194, "action": "remove", "reason": "Standard profile with normal activity"}
2025-06-15 16:46:30,664 - INFO - Audit result for community_member: {"timestamp": "2025-06-15T16:46:30.664698", "username": "community_member", "engagement_score": 0.3601992308235132, "risk_score": 0.7159676292113194, "action": "remove", "reason": "Standard profile with normal activity"}
