2025-06-15 16:02:59,917 - ERROR - Error auditing follower john_doe - Error: 'coroutine' object has no attribute 'score'
2025-06-15 16:02:59,917 - ERROR - Error auditing follower john_doe - Error: 'coroutine' object has no attribute 'score'
2025-06-15 16:02:59,917 - ERROR - Error auditing follower john_doe - Error: 'coroutine' object has no attribute 'score'
2025-06-15 16:02:59,917 - ERROR - Error auditing follower john_doe - Error: 'coroutine' object has no attribute 'score'
2025-06-15 16:02:59,917 - ERROR - Error auditing follower john_doe - Error: 'coroutine' object has no attribute 'score'
2025-06-15 16:02:59,917 - ERROR - Error auditing follower john_doe - Error: 'coroutine' object has no attribute 'score'
2025-06-15 16:02:59,917 - ERROR - Error auditing follower john_doe - Error: 'coroutine' object has no attribute 'score'
2025-06-15 16:02:59,917 - ERROR - Error auditing follower john_doe - Error: 'coroutine' object has no attribute 'score'
2025-06-15 16:02:59,917 - ERROR - Error auditing follower john_doe - Error: 'coroutine' object has no attribute 'score'
2025-06-15 16:02:59,917 - ERROR - Error auditing follower john_doe - Error: 'coroutine' object has no attribute 'score'
2025-06-15 16:02:59,917 - ERROR - Error auditing follower john_doe - Error: 'coroutine' object has no attribute 'score'
2025-06-15 16:02:59,917 - ERROR - Error auditing follower john_doe - Error: 'coroutine' object has no attribute 'score'
2025-06-15 16:29:23,963 - ERROR - Error auditing follower jane_smith - Error: 'coroutine' object has no attribute 'get'
2025-06-15 16:29:23,963 - ERROR - Error auditing follower jane_smith - Error: 'coroutine' object has no attribute 'get'
2025-06-15 16:29:23,963 - ERROR - Error auditing follower jane_smith - Error: 'coroutine' object has no attribute 'get'
2025-06-15 16:29:23,963 - ERROR - Error auditing follower jane_smith - Error: 'coroutine' object has no attribute 'get'
2025-06-15 16:29:23,967 - ERROR - Error auditing follower bob_wilson - Error: 'coroutine' object has no attribute 'get'
2025-06-15 16:29:23,967 - ERROR - Error auditing follower bob_wilson - Error: 'coroutine' object has no attribute 'get'
2025-06-15 16:29:23,967 - ERROR - Error auditing follower bob_wilson - Error: 'coroutine' object has no attribute 'get'
2025-06-15 16:29:23,967 - ERROR - Error auditing follower bob_wilson - Error: 'coroutine' object has no attribute 'get'
2025-06-15 16:29:23,968 - ERROR - Error auditing follower private_user - Error: 'coroutine' object has no attribute 'get'
2025-06-15 16:29:23,968 - ERROR - Error auditing follower private_user - Error: 'coroutine' object has no attribute 'get'
2025-06-15 16:29:23,968 - ERROR - Error auditing follower private_user - Error: 'coroutine' object has no attribute 'get'
2025-06-15 16:29:23,968 - ERROR - Error auditing follower private_user - Error: 'coroutine' object has no attribute 'get'
2025-06-15 16:29:23,970 - ERROR - Error auditing follower mass_follow_user - Error: 'coroutine' object has no attribute 'get'
2025-06-15 16:29:23,970 - ERROR - Error auditing follower mass_follow_user - Error: 'coroutine' object has no attribute 'get'
2025-06-15 16:29:23,970 - ERROR - Error auditing follower mass_follow_user - Error: 'coroutine' object has no attribute 'get'
2025-06-15 16:29:23,970 - ERROR - Error auditing follower mass_follow_user - Error: 'coroutine' object has no attribute 'get'
2025-06-15 16:29:23,971 - ERROR - Error auditing follower community_member - Error: 'coroutine' object has no attribute 'get'
2025-06-15 16:29:23,971 - ERROR - Error auditing follower community_member - Error: 'coroutine' object has no attribute 'get'
2025-06-15 16:29:23,971 - ERROR - Error auditing follower community_member - Error: 'coroutine' object has no attribute 'get'
2025-06-15 16:29:23,971 - ERROR - Error auditing follower community_member - Error: 'coroutine' object has no attribute 'get'
2025-06-15 16:36:12,736 - ERROR - jane_smith - Error: AuditLogger.log_audit() got an unexpected keyword argument 'username'
2025-06-15 16:36:12,736 - ERROR - jane_smith - Error: AuditLogger.log_audit() got an unexpected keyword argument 'username'
2025-06-15 16:36:12,737 - ERROR - bob_wilson - Error: AuditLogger.log_audit() got an unexpected keyword argument 'username'
2025-06-15 16:36:12,737 - ERROR - bob_wilson - Error: AuditLogger.log_audit() got an unexpected keyword argument 'username'
2025-06-15 16:36:12,738 - ERROR - private_user - Error: AuditLogger.log_audit() got an unexpected keyword argument 'username'
2025-06-15 16:36:12,738 - ERROR - private_user - Error: AuditLogger.log_audit() got an unexpected keyword argument 'username'
2025-06-15 16:36:12,739 - ERROR - mass_follow_user - Error: AuditLogger.log_audit() got an unexpected keyword argument 'username'
2025-06-15 16:36:12,739 - ERROR - mass_follow_user - Error: AuditLogger.log_audit() got an unexpected keyword argument 'username'
2025-06-15 16:36:12,740 - ERROR - community_member - Error: type object 'EvaluationAction' has no attribute 'MONITOR'
2025-06-15 16:36:12,740 - ERROR - community_member - Error: type object 'EvaluationAction' has no attribute 'MONITOR'
